{"/home/rutul/Desktop/myproject/expensify-app/src/actions/expences.js": {"path":"/home/rutul/Desktop/myproject/expensify-app/src/actions/expences.js","statementMap":{"0":{"start":{"line":3,"column":26},"end":{"line":17,"column":2}},"1":{"start":{"line":8,"column":12},"end":{"line":17,"column":1}},"2":{"start":{"line":19,"column":29},"end":{"line":22,"column":2}},"3":{"start":{"line":19,"column":47},"end":{"line":22,"column":1}},"4":{"start":{"line":24,"column":27},"end":{"line":28,"column":2}},"5":{"start":{"line":24,"column":45},"end":{"line":28,"column":1}}},"fnMap":{"0":{"name":"(anonymous_0)","decl":{"start":{"line":3,"column":26},"end":{"line":3,"column":27}},"loc":{"start":{"line":8,"column":12},"end":{"line":17,"column":1}},"line":8},"1":{"name":"(anonymous_1)","decl":{"start":{"line":19,"column":29},"end":{"line":19,"column":30}},"loc":{"start":{"line":19,"column":47},"end":{"line":22,"column":1}},"line":19},"2":{"name":"(anonymous_2)","decl":{"start":{"line":24,"column":27},"end":{"line":24,"column":28}},"loc":{"start":{"line":24,"column":45},"end":{"line":28,"column":1}},"line":24}},"branchMap":{"0":{"loc":{"start":{"line":3,"column":27},"end":{"line":8,"column":6}},"type":"default-arg","locations":[{"start":{"line":8,"column":4},"end":{"line":8,"column":6}}],"line":3},"1":{"loc":{"start":{"line":6,"column":2},"end":{"line":6,"column":12}},"type":"default-arg","locations":[{"start":{"line":6,"column":11},"end":{"line":6,"column":12}}],"line":6},"2":{"loc":{"start":{"line":7,"column":2},"end":{"line":7,"column":15}},"type":"default-arg","locations":[{"start":{"line":7,"column":14},"end":{"line":7,"column":15}}],"line":7},"3":{"loc":{"start":{"line":19,"column":30},"end":{"line":19,"column":41}},"type":"default-arg","locations":[{"start":{"line":19,"column":39},"end":{"line":19,"column":41}}],"line":19}},"s":{"0":1,"1":0,"2":1,"3":1,"4":1,"5":0},"f":{"0":0,"1":1,"2":0},"b":{"0":[0],"1":[0],"2":[0],"3":[0]},"_coverageSchema":"332fd63041d2c1bcb487cc26dd0d5f7d97098a6c","hash":"74f653ffb0c4aaaab416da173b9fc461abb849a5"}
}
